<?xml version="1.0" encoding="utf-8" standalone="no"?>
<!--This file represents the results of running a test suite-->
<test-results name="C:\authServices\Branches\2015.Q3.R1\Automation\AuthenticationWebsite\AuthenticationWebsite\AuthenticationWebsite\bin\Debug\AuthenticationWebsite.dll" total="1" errors="0" failures="0" not-run="0" inconclusive="0" ignored="0" skipped="0" invalid="0" date="2015-09-28" time="17:47:02">
  <environment nunit-version="2.6.4.14350" clr-version="2.0.50727.5485" os-version="Microsoft Windows NT 6.1.7601 Service Pack 1" platform="Win32NT" cwd="C:\Program Files (x86)\NUnit 2.6.4\bin" machine-name="LNGRDUL-7006596" user="MULINTHX" user-domain="LEGAL" />
  <culture-info current-culture="en-US" current-uiculture="en-US" />
  <test-suite type="Assembly" name="C:\authServices\Branches\2015.Q3.R1\Automation\AuthenticationWebsite\AuthenticationWebsite\AuthenticationWebsite\bin\Debug\AuthenticationWebsite.dll" executed="True" result="Success" success="True" time="21.963" asserts="0">
    <results>
      <test-suite type="Namespace" name="AuthenticationWebsite" executed="True" result="Success" success="True" time="21.949" asserts="0">
        <results>
          <test-suite type="Namespace" name="Auth_Specs" executed="True" result="Success" success="True" time="21.949" asserts="0">
            <results>
              <test-suite type="Namespace" name="Features" executed="True" result="Success" success="True" time="21.945" asserts="0">
                <results>
                  <test-suite type="TestFixture" name="AccountInformationPageFeature" description="Account Information Page" executed="True" result="Success" success="True" time="21.937" asserts="0">
                    <results>
                      <test-case name="AuthenticationWebsite.Auth_Specs.Features.AccountInformationPageFeature.AuthSiteLogin" description="Auth site Login" executed="True" result="Success" success="True" time="21.016" asserts="0">
                        <categories>
                          <category name="Positive" />
                          <category name="LogIn" />
                          <category name="AccountInfoPage" />
                        </categories>
                      </test-case>
                    </results>
                  </test-suite>
                </results>
              </test-suite>
            </results>
          </test-suite>
        </results>
      </test-suite>
    </results>
  </test-suite>
</test-results>